<?xml version="1.0" encoding="UTF-8"?>
<testsuite xmlns:xsi="http://www.w3.org/2001/XMLSchema-instance" xsi:noNamespaceSchemaLocation="https://maven.apache.org/surefire/maven-surefire-plugin/xsd/surefire-test-report.xsd" name="com.airport.app.AirportTests" time="0.075" tests="4" errors="0" skipped="0" failures="0">
  <properties>
[...]
</properties>
  <testcase name="takesOffPlaneReturnsTrue" classname="com.airport.app.AirportTests" time="0.002"/>
  <testcase name="landsPlaneAndStoresIt" classname="com.airport.app.AirportTests" time="0"/>
  <testcase name="landsPlaneAndReturnsTrue" classname="com.airport.app.AirportTests" time="0.001"/>
  <testcase name="takesOffAndRemovesPlane" classname="com.airport.app.AirportTests" time="0"/>
</testsuite>